2023-05-11 11:02:16,110 - INFO - Loading MNIST dataset
2023-05-11 11:02:17,024 - INFO - Loading GridSearchCV:
2023-05-11 11:02:17,039 - INFO - {'svc__C': 0.1, 'svc__gamma': 0.1, 'svc__kernel': 'poly'}
2023-05-11 11:02:17,039 - INFO - 
Pipeline(steps=[('standardscaler', StandardScaler()),
                ('svc', SVC(C=0.1, gamma=0.1, kernel='poly'))])
2023-05-11 11:02:17,052 - INFO - 
  svc__C svc__gamma svc__kernel  mean_test  std_test
1    0.1        0.1        poly  -0.892618 -0.003209
2    0.1          1        poly  -0.892618 -0.003209
4      1        0.1        poly  -0.892618 -0.003209
5      1          1        poly  -0.892618 -0.003209
7     10        0.1        poly  -0.892618 -0.003209
8     10          1        poly  -0.892618 -0.003209
6     10      scale        poly  -0.888680 -0.002719
3      1      scale        poly  -0.821331 -0.004649
0    0.1      scale        poly  -0.667848 -0.064197
2023-05-11 11:02:17,075 - INFO - Loading RandomizedSearchCV:
2023-05-11 11:02:17,090 - INFO - {'svc__C': 0.5611516415334504, 'svc__gamma': 0.7969454818643928, 'svc__kernel': 'poly'}
2023-05-11 11:02:17,091 - INFO - 
Pipeline(steps=[('standardscaler', StandardScaler()),
                ('svc',
                 SVC(C=0.5611516415334504, gamma=0.7969454818643928,
                     kernel='poly'))])
2023-05-11 11:02:17,103 - INFO - 
     svc__C svc__gamma svc__kernel  mean_test  std_test
0  0.561152   0.796945        poly  -0.892618 -0.003209
1  2.910636   0.157513        poly  -0.892618 -0.003209
2  0.205134   0.020511        poly  -0.892618 -0.003209
3  0.130667   0.539948        poly  -0.892618 -0.003209
4  1.593052   0.260702        poly  -0.892618 -0.003209
5  0.109943   0.870602        poly  -0.892618 -0.003209
6  4.622589   0.026588        poly  -0.892618 -0.003209
7   0.23102   0.023271        poly  -0.892618 -0.003209
8  0.405961   0.112076        poly  -0.892618 -0.003209
9  0.730954   0.038235        poly  -0.892618 -0.003209
2023-05-11 11:02:17,773 - INFO - Training final model on 5 cross validation folds
2023-05-11 11:58:35,715 - INFO - Accuracies: [0.98033333 0.97975    0.97808333 0.97641667 0.97766667]
2023-05-11 12:53:18,624 - INFO - Confusion matrix:
2023-05-11 12:53:18,625 - INFO - 
[[5861    1    9    5    7    5   19    1   11    4]
 [   1 6681   19    9    9    1    4   10    5    3]
 [  17    8 5830   17   19    3    4   24   31    5]
 [   3    2   45 5931    1   43    2   23   62   19]
 [   4    8   19    0 5732    3   17    6    6   47]
 [   8    2    5   39    8 5277   26    3   36   17]
 [  22    6    9    2   12   26 5826    2   12    1]
 [   7   16   30    7   28    1    1 6110    8   57]
 [  11   11   26   26   15   28   10   11 5697   16]
 [  10    5   12   27   67    9    0   37   20 5762]]
2023-05-11 12:53:19,257 - INFO - Precision: 0.9782563318909123
2023-05-11 12:53:19,892 - INFO - Recall: 0.978294665670665
2023-05-11 12:53:20,550 - INFO - F1 score: 0.9782658283817387
2023-05-11 12:53:20,550 - INFO - Fitting final model on the full training set...
2023-05-11 13:05:25,117 - INFO - Testing on the test set:
2023-05-11 13:07:20,769 - INFO - Precision: 0.9780980012930073
2023-05-11 13:07:20,865 - INFO - Recall: 0.9780437290761611
2023-05-11 13:07:20,961 - INFO - F1 score: 0.9780549013416886
