2023-05-24 18:26:28,382 - INFO - Loading MNIST dataset
2023-05-24 18:26:28,994 - INFO - Loading RandomizedSearchCV:
2023-05-24 18:26:29,344 - INFO - {'n_estimators': 320}
2023-05-24 18:26:29,345 - INFO - RandomForestClassifier(n_estimators=320, n_jobs=-1)
2023-05-24 18:26:29,352 - INFO - 
  n_estimators  mean_test  std_test
3          320    -0.9468 -0.002639
2          398    -0.9464 -0.002328
6          238    -0.9460 -0.003390
9          171    -0.9459 -0.002943
4          156    -0.9456 -0.004748
5          121    -0.9455 -0.003327
1          485    -0.9451 -0.004044
8          152    -0.9448 -0.003468
0          152    -0.9440 -0.004383
7           70    -0.9397 -0.002169
2023-05-24 18:26:29,385 - INFO - Loading RandomizedSearchCV:
2023-05-24 18:26:29,594 - INFO - {'min_samples_leaf': 2, 'min_samples_split': 5}
2023-05-24 18:26:29,595 - INFO - 
ExtraTreesClassifier(max_depth=30, min_samples_leaf=2, min_samples_split=5,
                     n_estimators=200, n_jobs=-1)
2023-05-24 18:26:29,601 - INFO - 
   min_samples_leaf min_samples_split  mean_test  std_test
19                2                 5  -0.944800 -0.002590
8                 2                 9  -0.943300 -0.002823
13                3                 5  -0.943100 -0.004214
3                 3                 8  -0.941100 -0.003099
5                 4                 9  -0.939600 -0.005421
10                5                 2  -0.936300 -0.003180
16                5                 4  -0.936000 -0.004057
2                 5                 8  -0.934800 -0.003075
9                 6                 3  -0.934501 -0.005026
7                 6                 6  -0.933200 -0.004183
11                6                 6  -0.931600 -0.004668
14                7                 5  -0.931100 -0.002547
0                 7                 5  -0.930200 -0.003838
17                7                 6  -0.930100 -0.002818
4                 8                 6  -0.929301 -0.003950
1                 8                 6  -0.929000 -0.004386
6                 8                 4  -0.927700 -0.004083
12                9                 2  -0.927000 -0.002636
18                9                 8  -0.925000 -0.002551
15                9                 4  -0.925000 -0.004352
2023-05-24 18:26:29,632 - INFO - Loading RandomizedSearchCV:
2023-05-24 18:26:29,640 - INFO - {'svc__C': 0.5611516415334504, 'svc__gamma': 0.7969454818643928, 'svc__kernel': 'poly'}
2023-05-24 18:26:29,640 - INFO - 
Pipeline(steps=[('standardscaler', StandardScaler()),
                ('svc',
                 SVC(C=0.5611516415334504, gamma=0.7969454818643928,
                     kernel='poly'))])
2023-05-24 18:26:29,652 - INFO - 
      svc__C svc__gamma svc__kernel  mean_test  std_test
0   0.561152   0.796945        poly  -0.878501 -0.003184
27   1.56964   0.697828        poly  -0.878501 -0.003184
26  7.568292   0.616105        poly  -0.878501 -0.003184
25  8.692992    0.35503        poly  -0.878501 -0.003184
24  1.239997   0.023427        poly  -0.878501 -0.003184
23  0.420167   0.109682        poly  -0.878501 -0.003184
22  0.329276   0.211371        poly  -0.878501 -0.003184
21  0.117159   0.658629        poly  -0.878501 -0.003184
20  0.175419   0.097803        poly  -0.878501 -0.003184
19  2.335964   0.075911        poly  -0.878501 -0.003184
18  0.406656    0.01568        poly  -0.878501 -0.003184
17   8.53619   0.413804        poly  -0.878501 -0.003184
16  0.134928   0.790262        poly  -0.878501 -0.003184
15  1.640929    0.02193        poly  -0.878501 -0.003184
14  1.530485   0.012385        poly  -0.878501 -0.003184
13  0.250812   0.106775        poly  -0.878501 -0.003184
12  0.816846   0.371836        poly  -0.878501 -0.003184
11  0.383963   0.054041        poly  -0.878501 -0.003184
10  1.673809    0.01901        poly  -0.878501 -0.003184
9   0.730954   0.038235        poly  -0.878501 -0.003184
8   0.405961   0.112076        poly  -0.878501 -0.003184
7    0.23102   0.023271        poly  -0.878501 -0.003184
6   4.622589   0.026588        poly  -0.878501 -0.003184
5   0.109943   0.870602        poly  -0.878501 -0.003184
4   1.593052   0.260702        poly  -0.878501 -0.003184
3   0.130667   0.539948        poly  -0.878501 -0.003184
2   0.205134   0.020511        poly  -0.878501 -0.003184
1   2.910636   0.157513        poly  -0.878501 -0.003184
28  0.150309   0.024658        poly  -0.878501 -0.003184
29  0.123156   0.044736        poly  -0.878501 -0.003184
2023-05-24 18:26:29,690 - INFO - 
Training a Voting classifier with
VotingClassifier(estimators=[('random_forest_clf',
                              RandomForestClassifier(max_depth=30,
                                                     n_estimators=200,
                                                     n_jobs=-1)),
                             ('extra_trees_clf',
                              ExtraTreesClassifier(max_depth=30,
                                                   n_estimators=200,
                                                   n_jobs=-1)),
                             ('svm_clf',
                              Pipeline(steps=[('standardscaler',
                                               StandardScaler()),
                                              ('svc',
                                               SVC(C=1, gamma=1, kernel='poly',
                                                   probability=True))]))],
                 voting='soft')
2023-05-24 18:56:40,047 - INFO - Doing prediction on the validation set for: RandomForestClassifier
2023-05-24 18:56:40,313 - INFO - Measuring accuracy, precision, recall and f1 score
2023-05-24 18:56:40,315 - INFO - Accuracy on validation set is 0.9679
2023-05-24 18:56:40,326 - INFO - Precision on validation set is 0.9676687943870881
2023-05-24 18:56:40,336 - INFO - Recall on validation set is 0.9676369999466127
2023-05-24 18:56:40,346 - INFO - F1 score on validation set is 0.967633268012527
2023-05-24 18:56:40,346 - INFO - Doing prediction on the validation set for: ExtraTreesClassifier
2023-05-24 18:56:40,634 - INFO - Measuring accuracy, precision, recall and f1 score
2023-05-24 18:56:40,636 - INFO - Accuracy on validation set is 0.9727
2023-05-24 18:56:40,646 - INFO - Precision on validation set is 0.9724437657284959
2023-05-24 18:56:40,657 - INFO - Recall on validation set is 0.972443017133623
2023-05-24 18:56:40,667 - INFO - F1 score on validation set is 0.9724369832782154
2023-05-24 18:56:40,667 - INFO - Doing prediction on the validation set for: Pipeline
2023-05-24 18:57:44,270 - INFO - Measuring accuracy, precision, recall and f1 score
2023-05-24 18:57:44,272 - INFO - Accuracy on validation set is 0.9774
2023-05-24 18:57:44,282 - INFO - Precision on validation set is 0.9771977041518127
2023-05-24 18:57:44,292 - INFO - Recall on validation set is 0.977117691285789
2023-05-24 18:57:44,301 - INFO - F1 score on validation set is 0.977141404375384
2023-05-24 18:57:44,301 - INFO - Doing prediction on the validation set for: VotingClassifier
2023-05-24 18:58:49,168 - INFO - Measuring accuracy, precision, recall and f1 score
2023-05-24 18:58:49,170 - INFO - Accuracy on validation set is 0.9805
2023-05-24 18:58:49,180 - INFO - Precision on validation set is 0.9803642214745297
2023-05-24 18:58:49,189 - INFO - Recall on validation set is 0.9802523546613333
2023-05-24 18:58:49,199 - INFO - F1 score on validation set is 0.9803001850376294
2023-05-24 18:58:49,208 - INFO - 
Summary of results:           RandomeForest  ExtraTree       SVM    Voting
Accuracy        0.967900   0.972700  0.977400  0.980500
Precision       0.967669   0.972444  0.977198  0.980364
Recall          0.967637   0.972443  0.977118  0.980252
F1 score        0.967633   0.972437  0.977141  0.980300
2023-05-24 18:58:49,209 - INFO - 
Training blender: RandomForestClassifier(n_estimators=200, n_jobs=-1, oob_score=True,
                       random_state=42)
2023-05-24 18:58:50,381 - INFO - Accuracy for blender is:
2023-05-24 18:58:50,381 - INFO - 0.9766
2023-05-24 18:58:50,381 - INFO - 


2023-05-24 18:58:50,381 - INFO - Perfomances on the test set
2023-05-24 18:58:50,384 - INFO - 
Doing prediction on the test set for:
 [RandomForestClassifier(max_depth=30, n_estimators=200, n_jobs=-1), ExtraTreesClassifier(max_depth=30, n_estimators=200, n_jobs=-1), Pipeline(steps=[('standardscaler', StandardScaler()),
                ('svc', SVC(C=1, gamma=1, kernel='poly', probability=True))])]
2023-05-24 18:59:55,225 - INFO - Accuracy on the test set is: 0.9743
2023-05-24 18:59:55,226 - INFO - Training a Stacking Classifier
